<?xml version="1.0" encoding="UTF-8"?>
<!-- Generated by org.testng.reporters.JUnitXMLReporter -->
<testsuite ignored="2" hostname="LTIN618124" failures="0" tests="2" name="Test" time="2.352" errors="0" timestamp="2025-07-03T17:10:29 IST">
  <testcase classname="testBase.BaseClass" name="@BeforeSuite setup" time="-1.751542827522E9">
    <failure type="org.testng.TestNGException" message="
Parameter &amp;apos;os&amp;apos; is required by BeforeSuite on method setup but has not been marked @Optional or defined
in C:\jenkinsprojects\Hackathon\testng.xml">
      <![CDATA[org.testng.TestNGException: 
Parameter 'os' is required by BeforeSuite on method setup but has not been marked @Optional or defined
in C:\jenkinsprojects\Hackathon\testng.xml
... Removed 16 stack frames]]>
    </failure>
  </testcase> <!-- @BeforeSuite setup -->
  <testcase classname="testCases.TC_001_FirstTestCase" name="searchCourse" time="0.0">
    <skipped/>
  </testcase> <!-- searchCourse -->
  <testcase classname="testCases.TC_002_SecondTestCase" name="fill_details" time="0.001">
    <skipped/>
  </testcase> <!-- fill_details -->
  <testcase classname="testBase.BaseClass" name="@BeforeSuite setup" time="0.0">
    <ignored/>
  </testcase> <!-- @BeforeSuite setup -->
  <testcase classname="testBase.BaseClass" name="@AfterSuite tearDown" time="0.0">
    <ignored/>
  </testcase> <!-- @AfterSuite tearDown -->
</testsuite> <!-- Test -->
